\BOOKMARK [0][-]{Doc-Start}{Authorization to Submit Thesis}{}% 1
\BOOKMARK [0][-]{table.caption.1}{Abstract}{}% 2
\BOOKMARK [0][-]{table.caption.1}{Acknowledgements}{}% 3
\BOOKMARK [0][-]{table.caption.1}{Dedication}{}% 4
\BOOKMARK [0][-]{table.caption.1}{Table of Contents}{}% 5
\BOOKMARK [0][-]{chapter*.2}{List of Tables}{}% 6
\BOOKMARK [0][-]{chapter*.3}{List of Figures}{}% 7
\BOOKMARK [0][-]{chapter.1}{Introduction}{}% 8
\BOOKMARK [1][-]{section.1.1}{Research context}{chapter.1}% 9
\BOOKMARK [0][-]{chapter.2}{Materials and methods}{}% 10
\BOOKMARK [1][-]{section.2.1}{Plant characteristics and living conditions}{chapter.2}% 11
\BOOKMARK [1][-]{section.2.2}{Insect characteristics and living conditions}{chapter.2}% 12
\BOOKMARK [1][-]{section.2.3}{Lso Detection}{chapter.2}% 13
\BOOKMARK [1][-]{section.2.4}{No-choice behavior assays}{chapter.2}% 14
\BOOKMARK [1][-]{section.2.5}{Oviposition assays}{chapter.2}% 15
\BOOKMARK [1][-]{section.2.6}{Statistical Analysis}{chapter.2}% 16
\BOOKMARK [0][-]{chapter.3}{Results}{}% 17
\BOOKMARK [1][-]{section.3.1}{No-choice assays}{chapter.3}% 18
\BOOKMARK [1][-]{section.3.2}{Oviposition assays}{chapter.3}% 19
\BOOKMARK [0][-]{chapter.4}{Discussion}{}% 20
\BOOKMARK [0][-]{chapter.5}{Tables}{}% 21
\BOOKMARK [0][-]{chapter*.20}{References Cited}{}% 22
